make --dry-run --always-make --keep-going --print-directory
make: Entering directory `/Users/atory/Desktop/pf1'
gcc -Wall -Wextra -Werror -c   -c -o ft_printf.o ft_printf.c
gcc -Wall -Wextra -Werror -c   -c -o parser/ft_flags.o parser/ft_flags.c
gcc -Wall -Wextra -Werror -c   -c -o parser/ft_parses.o parser/ft_parses.c
gcc -Wall -Wextra -Werror -c   -c -o processor/ft_char_wr.o processor/ft_char_wr.c
gcc -Wall -Wextra -Werror -c   -c -o processor/ft_hex_wr.o processor/ft_hex_wr.c
gcc -Wall -Wextra -Werror -c   -c -o processor/ft_int_wr.o processor/ft_int_wr.c
gcc -Wall -Wextra -Werror -c   -c -o processor/ft_other_wr.o processor/ft_other_wr.c
gcc -Wall -Wextra -Werror -c   -c -o processor/ft_perc_wr.o processor/ft_perc_wr.c
gcc -Wall -Wextra -Werror -c   -c -o processor/ft_pointer_wr.o processor/ft_pointer_wr.c
gcc -Wall -Wextra -Werror -c   -c -o processor/ft_str_wr.o processor/ft_str_wr.c
gcc -Wall -Wextra -Werror -c   -c -o processor/ft_un_int_wr.o processor/ft_un_int_wr.c
/Applications/Xcode.app/Contents/Developer/usr/bin/make bonus -C ./libft
make[1]: Entering directory `/Users/atory/Desktop/pf1/libft'
gcc -Wall -Wextra -Werror -c ft_bzero.c ft_memccpy.c ft_memcpy.c ft_strchr.c ft_strlen.c ft_strrchr.c ft_memset.c ft_memcmp.c ft_memchr.c ft_memmove.c ft_strlcpy.c ft_strlcat.c ft_strnstr.c ft_strncmp.c ft_atoi.c ft_isalpha.c ft_isdigit.c ft_isalnum.c ft_isascii.c ft_isprint.c ft_toupper.c ft_tolower.c ft_calloc.c ft_strdup.c ft_substr.c ft_strjoin.c ft_strtrim.c ft_itoa.c ft_strmapi.c ft_putchar_fd.c ft_putstr_fd.c ft_putendl_fd.c ft_putnbr_fd.c ft_split.c ft_lstnew.c ft_lstadd_front.c ft_lstsize.c ft_lstlast.c ft_lstadd_back.c ft_lstdelone.c ft_lstclear.c ft_lstiter.c ft_lstmap.c
ar rcs libft.a ft_bzero.o ft_memccpy.o ft_memcpy.o ft_strchr.o ft_strlen.o ft_strrchr.o ft_memset.o ft_memcmp.o ft_memchr.o ft_memmove.o ft_strlcpy.o ft_strlcat.o ft_strnstr.o ft_strncmp.o ft_atoi.o ft_isalpha.o ft_isdigit.o ft_isalnum.o ft_isascii.o ft_isprint.o ft_toupper.o ft_tolower.o ft_calloc.o ft_strdup.o ft_substr.o ft_strjoin.o ft_strtrim.o ft_itoa.o ft_strmapi.o ft_putchar_fd.o ft_putstr_fd.o ft_putendl_fd.o ft_putnbr_fd.o ft_split.o ft_lstnew.o ft_lstadd_front.o ft_lstsize.o ft_lstlast.o ft_lstadd_back.o ft_lstdelone.o ft_lstclear.o ft_lstiter.o ft_lstmap.o
make[1]: Leaving directory `/Users/atory/Desktop/pf1/libft'
cp libft/libft.a libftprintf.a
gcc -Wall -Wextra -Werror -c -I./includes ft_printf.c parser/ft_flags.c parser/ft_parses.c processor/ft_char_wr.c processor/ft_hex_wr.c processor/ft_int_wr.c processor/ft_other_wr.c processor/ft_perc_wr.c processor/ft_pointer_wr.c processor/ft_str_wr.c processor/ft_un_int_wr.c
ar -rcs libftprintf.a ft_printf.o parser/ft_flags.o parser/ft_parses.o processor/ft_char_wr.o processor/ft_hex_wr.o processor/ft_int_wr.o processor/ft_other_wr.o processor/ft_perc_wr.o processor/ft_pointer_wr.o processor/ft_str_wr.o processor/ft_un_int_wr.o
make: Leaving directory `/Users/atory/Desktop/pf1'
 
